<?xml version="1.0" encoding="UTF-8"?>
<!-- Generated by org.testng.reporters.JUnitReportReporter -->
<testsuite hostname="DESKTOP-VG7FOF4" failures="0" tests="1" name="testNGAssgnments.Ass_Alerts" time="2.478" errors="0" timestamp="2022-10-10T18:32:25 IST" skipped="0">
  <testcase classname="testNGAssgnments.Ass_Alerts" name="alertManaging" time="2.478"/>
  <system-out/>
</testsuite> <!-- testNGAssgnments.Ass_Alerts -->
