<?xml version="1.0" encoding="UTF-8"?>
<!-- Generated by org.testng.reporters.JUnitReportReporter -->
<testsuite hostname="DESKTOP-VG7FOF4" failures="0" tests="1" name="testNGAssgnments.Ass_Scroll" time="2.583" errors="0" timestamp="2022-10-09T07:41:39 IST" skipped="0">
  <testcase classname="testNGAssgnments.Ass_Scroll" name="fillTheformAndVerify" time="2.583"/>
  <system-out/>
</testsuite> <!-- testNGAssgnments.Ass_Scroll -->
