<?xml version="1.0" encoding="UTF-8"?>
<!-- Generated by org.testng.reporters.JUnitReportReporter -->
<testsuite hostname="DESKTOP-VG7FOF4" failures="0" tests="1" name="testNGsession.Locators_Sample" time="2.831" errors="0" timestamp="2022-09-05T17:42:39 IST" skipped="0">
  <testcase classname="testNGsession.Locators_Sample" name="locators" time="2.831"/>
  <system-out/>
</testsuite> <!-- testNGsession.Locators_Sample -->
