<?xml version="1.0" encoding="UTF-8"?>
<!-- Generated by org.testng.reporters.JUnitReportReporter -->
<testsuite hostname="DESKTOP-VG7FOF4" failures="0" tests="8" name="testNGsession.TestNGParameters" time="0.058" errors="0" timestamp="2022-08-31T08:05:08 IST" skipped="5">
  <testcase classname="testNGsession.TestNGParameters" name="lemon" time="0.024"/>
  <system-out/>
  <testcase classname="testNGsession.TestNGParameters" name="ginger" time="0.027"/>
  <system-out/>
  <testcase classname="testNGsession.TestNGParameters" name="tomato" time="0.007"/>
  <system-out/>
  <testcase classname="testNGsession.TestNGParameters" name="mango">
    <skipped/>
  </testcase> <!-- mango -->
  <system-out/>
  <testcase classname="testNGsession.TestNGParameters" name="orange">
    <skipped/>
  </testcase> <!-- orange -->
  <system-out/>
  <testcase classname="testNGsession.TestNGParameters" name="grapes">
    <skipped/>
  </testcase> <!-- grapes -->
  <system-out/>
  <testcase classname="testNGsession.TestNGParameters" name="apple">
    <skipped/>
  </testcase> <!-- apple -->
  <system-out/>
  <testcase classname="testNGsession.TestNGParameters" name="pear">
    <skipped/>
  </testcase> <!-- pear -->
  <system-out/>
</testsuite> <!-- testNGsession.TestNGParameters -->
