<?xml version="1.0" encoding="UTF-8"?>
<!-- Generated by org.testng.reporters.JUnitReportReporter -->
<testsuite hostname="DESKTOP-VG7FOF4" failures="0" tests="8" name="testNGsession.TestNGAttributes" time="0.028" errors="0" timestamp="2022-08-31T17:58:51 IST" skipped="5">
  <testcase classname="testNGsession.TestNGAttributes" name="lemon" time="0.004"/>
  <system-out/>
  <testcase classname="testNGsession.TestNGAttributes" name="ginger" time="0.014"/>
  <system-out/>
  <testcase classname="testNGsession.TestNGAttributes" name="tomato" time="0.010"/>
  <system-out/>
  <testcase classname="testNGsession.TestNGAttributes" name="orange">
    <skipped/>
  </testcase> <!-- orange -->
  <system-out/>
  <testcase classname="testNGsession.TestNGAttributes" name="grapes">
    <skipped/>
  </testcase> <!-- grapes -->
  <system-out/>
  <testcase classname="testNGsession.TestNGAttributes" name="pear">
    <skipped/>
  </testcase> <!-- pear -->
  <system-out/>
  <testcase classname="testNGsession.TestNGAttributes" name="apple">
    <skipped/>
  </testcase> <!-- apple -->
  <system-out/>
  <testcase classname="testNGsession.TestNGAttributes" name="mango">
    <skipped/>
  </testcase> <!-- mango -->
  <system-out/>
</testsuite> <!-- testNGsession.TestNGAttributes -->
