<?xml version="1.0" encoding="UTF-8"?>
<!-- Generated by org.testng.reporters.JUnitReportReporter -->
<testsuite hostname="DESKTOP-VG7FOF4" failures="0" tests="3" name="testNGsession.Alert" time="6.450" errors="0" timestamp="2023-03-13T08:04:22 IST" skipped="0">
  <testcase classname="testNGsession.Alert" name="simpleAlert" time="2.750"/>
  <system-out/>
  <testcase classname="testNGsession.Alert" name="confirmationAlert" time="2.728"/>
  <system-out/>
  <testcase classname="testNGsession.Alert" name="promptalert" time="0.972"/>
  <system-out/>
</testsuite> <!-- testNGsession.Alert -->
