<?xml version="1.0" encoding="UTF-8"?>
<!-- Generated by org.testng.reporters.JUnitReportReporter -->
<testsuite hostname="DESKTOP-VG7FOF4" failures="0" tests="2" name="testNGsession.Dropdown" time="4.516" errors="0" timestamp="2022-10-07T08:16:54 IST" skipped="0">
  <testcase classname="testNGsession.Dropdown" name="multipleDropdown" time="2.595"/>
  <system-out/>
  <testcase classname="testNGsession.Dropdown" name="dropdown" time="1.921"/>
  <system-out/>
</testsuite> <!-- testNGsession.Dropdown -->
