<?xml version="1.0" encoding="UTF-8"?>
<!-- Generated by org.testng.reporters.JUnitReportReporter -->
<testsuite hostname="DESKTOP-VG7FOF4" failures="0" tests="3" name="testNGAssgnments.Ass_Assertion" time="0.030" errors="0" timestamp="2022-09-04T18:38:09 IST" skipped="0">
  <testcase classname="testNGAssgnments.Ass_Assertion" name="softAssert" time="0.006"/>
  <system-out/>
  <testcase classname="testNGAssgnments.Ass_Assertion" name="hardAssert" time="0.003"/>
  <system-out/>
  <testcase classname="testNGAssgnments.Ass_Assertion" name="driverValue" time="0.021"/>
  <system-out/>
</testsuite> <!-- testNGAssgnments.Ass_Assertion -->
