<?xml version="1.0" encoding="UTF-8"?>
<!-- Generated by org.testng.reporters.JUnitReportReporter -->
<testsuite hostname="DESKTOP-VG7FOF4" failures="0" tests="1" name="testNGAssgnments.Ass_WindowHandling" time="2.863" errors="0" timestamp="2022-10-07T17:21:48 IST" skipped="0">
  <testcase classname="testNGAssgnments.Ass_WindowHandling" name="windowHandling" time="2.863"/>
  <system-out/>
</testsuite> <!-- testNGAssgnments.Ass_WindowHandling -->
