<?xml version="1.0" encoding="UTF-8"?>
<!-- Generated by org.testng.reporters.JUnitReportReporter -->
<testsuite hostname="DESKTOP-VG7FOF4" failures="0" tests="2" name="testNGsession.JavascriptScroll" time="5.832" errors="0" timestamp="2022-10-04T07:50:26 IST" skipped="1">
  <testcase classname="testNGsession.JavascriptScroll" name="horizontalScroll" time="5.832"/>
  <system-out/>
  <testcase classname="testNGsession.JavascriptScroll" name="scrollUpAndDown">
    <skipped/>
  </testcase> <!-- scrollUpAndDown -->
  <system-out/>
</testsuite> <!-- testNGsession.JavascriptScroll -->
