<?xml version="1.0" encoding="UTF-8"?>
<!-- Generated by org.testng.reporters.JUnitReportReporter -->
<testsuite hostname="DESKTOP-VG7FOF4" failures="0" tests="2" name="testNGAssgnments.Ass_CheckBox" time="0.450" errors="0" timestamp="2022-09-20T15:53:22 IST" skipped="0">
  <testcase classname="testNGAssgnments.Ass_CheckBox" name="multiCheckBox" time="0.332"/>
  <system-out/>
  <testcase classname="testNGAssgnments.Ass_CheckBox" name="asingleCheckBox" time="0.118"/>
  <system-out/>
</testsuite> <!-- testNGAssgnments.Ass_CheckBox -->
