<?xml version="1.0" encoding="UTF-8"?>
<!-- Generated by org.testng.reporters.JUnitReportReporter -->
<testsuite hostname="DESKTOP-VG7FOF4" failures="0" tests="1" name="testNGsession.WebElementCommands" time="0.252" errors="0" timestamp="2022-09-12T08:10:24 IST" skipped="0">
  <testcase classname="testNGsession.WebElementCommands" name="commands" time="0.252"/>
  <system-out/>
</testsuite> <!-- testNGsession.WebElementCommands -->
