<?xml version="1.0" encoding="UTF-8"?>
<!-- Generated by org.testng.reporters.JUnitReportReporter -->
<testsuite hostname="DESKTOP-VG7FOF4" failures="0" tests="2" name="testNGsession.Wait" time="0.386" errors="0" timestamp="2022-09-23T08:11:13 IST" skipped="1">
  <testcase classname="testNGsession.Wait" name="fluentWait" time="0.386"/>
  <system-out/>
  <testcase classname="testNGsession.Wait" name="implicitWait">
    <skipped/>
  </testcase> <!-- implicitWait -->
  <system-out/>
</testsuite> <!-- testNGsession.Wait -->
