<?xml version="1.0" encoding="UTF-8"?>
<!-- Generated by org.testng.reporters.JUnitReportReporter -->
<testsuite hostname="DESKTOP-VG7FOF4" failures="0" tests="3" name="testNGsession.RadiobuttonAndCheckbox" time="1.740" errors="0" timestamp="2022-09-13T07:46:38 IST" skipped="0">
  <testcase classname="testNGsession.RadiobuttonAndCheckbox" name="checkBoxSelect" time="0.807"/>
  <system-out/>
  <testcase classname="testNGsession.RadiobuttonAndCheckbox" name="checkBoxUnselect" time="0.372"/>
  <system-out/>
  <testcase classname="testNGsession.RadiobuttonAndCheckbox" name="radioButton" time="0.561"/>
  <system-out/>
</testsuite> <!-- testNGsession.RadiobuttonAndCheckbox -->
