<?xml version="1.0" encoding="UTF-8"?>
<!-- Generated by org.testng.reporters.JUnitReportReporter -->
<testsuite hostname="DESKTOP-VG7FOF4" failures="0" tests="5" name="testNGsession.Locators" time="7.382" errors="0" timestamp="2022-09-05T08:10:19 IST" skipped="0">
  <testcase classname="testNGsession.Locators" name="search_Locator" time="0.337"/>
  <system-out/>
  <testcase classname="testNGsession.Locators" name="go_Button" time="1.673"/>
  <system-out/>
  <testcase classname="testNGsession.Locators" name="goButton" time="1.948"/>
  <system-out/>
  <testcase classname="testNGsession.Locators" name="learnMore" time="2.058"/>
  <system-out/>
  <testcase classname="testNGsession.Locators" name="learnMore_Partial" time="1.366"/>
  <system-out/>
</testsuite> <!-- testNGsession.Locators -->
