<?xml version="1.0" encoding="UTF-8"?>
<!-- Generated by org.testng.reporters.JUnitReportReporter -->
<testsuite hostname="DESKTOP-VG7FOF4" failures="0" tests="1" name="testNGAssgnments.WindowHandling" time="0.638" errors="0" timestamp="2022-09-20T19:15:45 IST" skipped="0">
  <testcase classname="testNGAssgnments.WindowHandling" name="windowHandling" time="0.638"/>
  <system-out/>
</testsuite> <!-- testNGAssgnments.WindowHandling -->
