<?xml version="1.0" encoding="UTF-8"?>
<!-- Generated by org.testng.reporters.JUnitReportReporter -->
<testsuite hostname="DESKTOP-VG7FOF4" failures="0" tests="1" name="testNGsession.CloseandQuit" time="2.977" errors="0" timestamp="2023-03-06T07:25:40 IST" skipped="0">
  <testcase classname="testNGsession.CloseandQuit" name="closeandquit" time="2.977"/>
  <system-out/>
</testsuite> <!-- testNGsession.CloseandQuit -->
