<?xml version="1.0" encoding="UTF-8"?>
<!-- Generated by org.testng.reporters.JUnitReportReporter -->
<testsuite hostname="DESKTOP-VG7FOF4" failures="0" tests="1" name="testNGsession.IFrames" time="2.853" errors="0" timestamp="2022-09-16T08:17:09 IST" skipped="0">
  <testcase classname="testNGsession.IFrames" name="iframes" time="2.853"/>
  <system-out/>
</testsuite> <!-- testNGsession.IFrames -->
