<?xml version="1.0" encoding="UTF-8"?>
<!-- Generated by org.testng.reporters.JUnitReportReporter -->
<testsuite hostname="DESKTOP-VG7FOF4" failures="0" tests="1" name="testNGAssgnments.Ass_FileUpload" time="0.847" errors="0" timestamp="2023-03-10T16:37:56 IST" skipped="0">
  <testcase classname="testNGAssgnments.Ass_FileUpload" name="fieUpload" time="0.847"/>
  <system-out/>
</testsuite> <!-- testNGAssgnments.Ass_FileUpload -->
