<?xml version="1.0" encoding="UTF-8"?>
<!-- Generated by org.testng.reporters.JUnitReportReporter -->
<testsuite hostname="DESKTOP-VG7FOF4" failures="0" tests="2" name="testNGsession.CSSLocatorAndXpath" time="2.557" errors="0" timestamp="2022-09-07T07:25:02 IST" skipped="1">
  <testcase classname="testNGsession.CSSLocatorAndXpath" name="xpathLocator" time="2.557"/>
  <system-out/>
  <testcase classname="testNGsession.CSSLocatorAndXpath" name="cssLocators">
    <skipped/>
  </testcase> <!-- cssLocators -->
  <system-out/>
</testsuite> <!-- testNGsession.CSSLocatorAndXpath -->
