<?xml version="1.0" encoding="UTF-8"?>
<!-- Generated by org.testng.reporters.JUnitReportReporter -->
<testsuite hostname="DESKTOP-VG7FOF4" failures="0" tests="3" name="testNGsession.TestNGAnnotations" time="0.041" errors="0" timestamp="2022-08-30T15:06:33 IST" skipped="0">
  <testcase classname="testNGsession.TestNGAnnotations" name="test1" time="0.030"/>
  <system-out/>
  <testcase classname="testNGsession.TestNGAnnotations" name="test2" time="0.004"/>
  <system-out/>
  <testcase classname="testNGsession.TestNGAnnotations" name="test3" time="0.007"/>
  <system-out/>
</testsuite> <!-- testNGsession.TestNGAnnotations -->
