<?xml version="1.0" encoding="UTF-8"?>
<!-- Generated by org.testng.reporters.JUnitReportReporter -->
<testsuite hostname="DESKTOP-VG7FOF4" failures="0" tests="1" name="testNGAssgnments.Ass_Locators1" time="5.488" errors="0" timestamp="2022-09-13T16:40:18 IST" skipped="0">
  <testcase classname="testNGAssgnments.Ass_Locators1" name="applicationFormFilling" time="5.488"/>
  <system-out/>
</testsuite> <!-- testNGAssgnments.Ass_Locators1 -->
