<?xml version="1.0" encoding="UTF-8"?>
<!-- Generated by org.testng.reporters.JUnitReportReporter -->
<testsuite hostname="DESKTOP-VG7FOF4" failures="0" tests="1" name="testNGsession.DynamicWebTable" time="0.785" errors="0" timestamp="2022-09-21T08:06:36 IST" skipped="0">
  <testcase classname="testNGsession.DynamicWebTable" name="dynamicWebTable" time="0.785"/>
  <system-out/>
</testsuite> <!-- testNGsession.DynamicWebTable -->
