<?xml version="1.0" encoding="UTF-8"?>
<!-- Generated by org.testng.reporters.JUnitReportReporter -->
<testsuite hostname="DESKTOP-VG7FOF4" failures="0" tests="1" name="testNGAssgnments.Ass_RadioButton" time="0.228" errors="0" timestamp="2022-09-13T15:15:51 IST" skipped="0">
  <testcase classname="testNGAssgnments.Ass_RadioButton" name="radioButtonClick" time="0.228"/>
  <system-out/>
</testsuite> <!-- testNGAssgnments.Ass_RadioButton -->
