<?xml version="1.0" encoding="UTF-8"?>
<!-- Generated by org.testng.reporters.JUnitReportReporter -->
<testsuite hostname="DESKTOP-VG7FOF4" failures="0" tests="1" name="testNGAssgnments.Fom" time="1.333" errors="0" timestamp="2022-09-19T08:18:52 IST" skipped="0">
  <testcase classname="testNGAssgnments.Fom" name="form" time="1.333"/>
  <system-out/>
</testsuite> <!-- testNGAssgnments.Fom -->
