<?xml version="1.0" encoding="UTF-8"?>
<!-- Generated by org.testng.reporters.JUnitReportReporter -->
<testsuite hostname="DESKTOP-VG7FOF4" failures="0" tests="1" name="testNGAssgnments.Ass_DropDown" time="1.963" errors="0" timestamp="2022-09-20T18:07:14 IST" skipped="0">
  <testcase classname="testNGAssgnments.Ass_DropDown" name="dropdown" time="1.963"/>
  <system-out/>
</testsuite> <!-- testNGAssgnments.Ass_DropDown -->
