<?xml version="1.0" encoding="UTF-8"?>
<!-- Generated by org.testng.reporters.JUnitReportReporter -->
<testsuite hostname="DESKTOP-VG7FOF4" failures="0" tests="2" name="testNGsession.CrossBrowser" time="10.187" errors="0" timestamp="2023-03-06T07:33:53 IST" skipped="0">
  <testcase classname="testNGsession.CrossBrowser" name="closeandquit" time="0.337"/>
  <system-out/>
  <testcase classname="testNGsession.CrossBrowser" name="closeandquit" time="9.850"/>
  <system-out/>
</testsuite> <!-- testNGsession.CrossBrowser -->
