<?xml version="1.0" encoding="UTF-8"?>
<!-- Generated by org.testng.reporters.JUnitReportReporter -->
<testsuite hostname="DESKTOP-VG7FOF4" failures="0" tests="1" name="testNGsession.CloseandQuitSample" time="13.080" errors="0" timestamp="2022-08-30T15:42:34 IST" skipped="0">
  <testcase classname="testNGsession.CloseandQuitSample" name="f" time="13.080"/>
  <system-out/>
</testsuite> <!-- testNGsession.CloseandQuitSample -->
