<?xml version="1.0" encoding="UTF-8"?>
<!-- Generated by org.testng.reporters.JUnitReportReporter -->
<testsuite hostname="DESKTOP-VG7FOF4" failures="0" tests="5" name="testNGsession.ActionClass" time="28.790" errors="0" timestamp="2022-09-22T22:22:38 IST" skipped="3">
  <testcase classname="testNGsession.ActionClass" name="mouseOver" time="23.607"/>
  <system-out/>
  <testcase classname="testNGsession.ActionClass" name="doubleClick" time="5.183"/>
  <system-out/>
  <testcase classname="testNGsession.ActionClass" name="keyboardHandling">
    <skipped/>
  </testcase> <!-- keyboardHandling -->
  <system-out/>
  <testcase classname="testNGsession.ActionClass" name="draganddrop">
    <skipped/>
  </testcase> <!-- draganddrop -->
  <system-out/>
  <testcase classname="testNGsession.ActionClass" name="contextClick">
    <skipped/>
  </testcase> <!-- contextClick -->
  <system-out/>
</testsuite> <!-- testNGsession.ActionClass -->
