<?xml version="1.0" encoding="UTF-8"?>
<!-- Generated by org.testng.reporters.JUnitReportReporter -->
<testsuite hostname="DESKTOP-VG7FOF4" failures="0" tests="2" name="testNGsession.FileUploadAndDownload" time="7.316" errors="0" timestamp="2023-03-13T08:04:22 IST" skipped="1">
  <testcase classname="testNGsession.FileUploadAndDownload" name="upload" time="7.316"/>
  <system-out/>
  <testcase classname="testNGsession.FileUploadAndDownload" name="download">
    <skipped/>
  </testcase> <!-- download -->
  <system-out/>
</testsuite> <!-- testNGsession.FileUploadAndDownload -->
