<?xml version="1.0" encoding="UTF-8"?>
<!-- Generated by org.testng.reporters.JUnitReportReporter -->
<testsuite hostname="DESKTOP-VG7FOF4" failures="0" tests="1" name="testNGsession.XpathLocators" time="1.716" errors="0" timestamp="2022-09-07T14:52:40 IST" skipped="0">
  <testcase classname="testNGsession.XpathLocators" name="xpathLocator" time="1.716"/>
  <system-out/>
</testsuite> <!-- testNGsession.XpathLocators -->
