<?xml version="1.0" encoding="UTF-8"?>
<!-- Generated by org.testng.reporters.JUnitReportReporter -->
<testsuite hostname="DESKTOP-VG7FOF4" failures="0" tests="1" name="testNGsession.RobotClass" time="0.909" errors="0" timestamp="2022-10-04T07:18:37 IST" skipped="0">
  <testcase classname="testNGsession.RobotClass" name="file_Upload" time="0.909"/>
  <system-out/>
</testsuite> <!-- testNGsession.RobotClass -->
