<?xml version="1.0" encoding="UTF-8"?>
<!-- Generated by org.testng.reporters.JUnitReportReporter -->
<testsuite hostname="DESKTOP-VG7FOF4" failures="0" tests="1" name="testNGsession.CSSLocators" time="3.256" errors="0" timestamp="2022-09-06T16:30:42 IST" skipped="0">
  <testcase classname="testNGsession.CSSLocators" name="cssLocator" time="3.256"/>
  <system-out/>
</testsuite> <!-- testNGsession.CSSLocators -->
